<?xml version="1.0" encoding="UTF-8"?>
<!-- Generated by org.testng.reporters.JUnitXMLReporter -->
<testsuite ignored="0" hostname="AMB01262.local" failures="1" tests="2" name="Chrome Test" time="10.833" errors="0" timestamp="05 Jul 2020 15:50:53 GMT">
  <testcase classname="demo.com.qa.testcases.CraterAppTest" name="craterLogin" time="3.175"/>
  <testcase classname="demo.com.qa.testcases.CraterAppTest" name="dashBoardLanding" time="0.002">
    <failure type="java.lang.AssertionError" message="The following asserts failed:
	expected [Sales &amp;amp; Expenses] but found [Sales &amp;amp; Expenses ]">
      <![CDATA[java.lang.AssertionError: The following asserts failed:
expected [Sales & Expenses] but found [Sales & Expenses ]
at demo.com.qa.testcases.CraterAppTest.dashBoardLanding(CraterAppTest.java:79)
... Removed 26 stack frames]]>
    </failure>
  </testcase> <!-- dashBoardLanding -->
</testsuite> <!-- Chrome Test -->
